<?xml version="1.0" encoding="UTF-8"?>
<!-- Generated by org.testng.reporters.JUnitXMLReporter -->
<testsuite hostname="INHYIZLP12037" ignored="0" name="testname" tests="2" failures="0" timestamp="30 Apr 2018 10:15:26 GMT" time="24.258" errors="0">
  <testcase name="Login" time="6.052" classname="MavenGroup.MavenSample.OhrmAddEmployee_ReportMultiple"/>
  <testcase name="AddEmployee" time="7.198" classname="MavenGroup.MavenSample.OhrmAddEmployee_ReportMultiple"/>
</testsuite> <!-- testname -->
