<?xml version="1.0" encoding="UTF-8"?>
<!-- Generated by org.testng.reporters.JUnitXMLReporter -->
<testsuite hostname="INHYIZLP12037" ignored="0" name="testname2" tests="2" failures="0" timestamp="30 Apr 2018 10:05:29 GMT" time="12.416" errors="0">
  <testcase name="@BeforeClass openApplication" time="12.396" classname="MavenGroup.MavenSample.OhrmAddEmployee_ReportMultiple">
    <failure type="java.lang.AssertionError" message="Failing since correct page is notopened successfully">
      <![CDATA[java.lang.AssertionError: Failing since correct page is notopened successfully
	at MavenGroup.MavenSample.OhrmAddEmployee_ReportMultiple.openApplication(OhrmAddEmployee_ReportMultiple.java:43)
	at java.util.concurrent.FutureTask.run(Unknown Source)
	at java.util.concurrent.ThreadPoolExecutor.runWorker(Unknown Source)
	at java.util.concurrent.ThreadPoolExecutor$Worker.run(Unknown Source)
	at java.lang.Thread.run(Unknown Source)
... Removed 17 stack frames]]>
    </failure>
  </testcase> <!-- @BeforeClass openApplication -->
  <testcase name="@AfterClass closeApplication" time="0.0" classname="MavenGroup.MavenSample.OhrmAddEmployee_ReportMultiple">
    <skipped/>
  </testcase> <!-- @AfterClass closeApplication -->
  <testcase name="Login" time="0.0" classname="MavenGroup.MavenSample.OhrmAddEmployee_ReportMultiple">
    <skipped/>
  </testcase> <!-- Login -->
  <testcase name="AddEmployee" time="0.0" classname="MavenGroup.MavenSample.OhrmAddEmployee_ReportMultiple">
    <skipped/>
  </testcase> <!-- AddEmployee -->
</testsuite> <!-- testname2 -->
