<?xml version="1.0" encoding="UTF-8"?>
<!-- Generated by org.testng.reporters.JUnitXMLReporter -->
<testsuite hostname="INHYIZLP12037" ignored="0" name="testgroups" tests="3" failures="1" timestamp="21 Apr 2018 10:48:21 GMT" time="0.048" errors="0">
  <testcase name="TestToFail" time="0.012" classname="com.tng.listeners.TestCasesusingItestListeners">
    <failure type="java.lang.AssertionError">
      <![CDATA[java.lang.AssertionError: 
at com.tng.listeners.TestCasesusingItestListeners.TestToFail(TestCasesusingItestListeners.java:35)
... Removed 28 stack frames]]>
    </failure>
  </testcase> <!-- TestToFail -->
  <testcase name="test" time="0.001" classname="com.tng.listeners.TestCasesusingItestListeners"/>
  <testcase name="test" time="0.002" classname="com.tng.listeners.TestCasesusingItestListeners"/>
</testsuite> <!-- testgroups -->
