<?xml version="1.0" encoding="UTF-8"?>
<!-- Generated by org.testng.reporters.JUnitXMLReporter -->
<testsuite hostname="INHYIZLP12037" ignored="0" name="testname" tests="2" failures="0" timestamp="21 Apr 2018 12:25:00 GMT" time="1.201" errors="0">
  <testcase name="@BeforeClass openApplication" time="1.142" classname="com.ohrm.grid.OhrmAddEmployee_POM_Grid">
    <failure type="org.openqa.selenium.WebDriverException" message="Unable to parse remote response: &amp;lt;br /&amp;gt;
&amp;lt;b&amp;gt;Deprecated&amp;lt;/b&amp;gt;:  Automatically populating $HTTP_RAW_POST_DATA is deprecated and will be removed in a future version. To avoid this warning set &amp;apos;always_populate_raw_post_data&amp;apos; to &amp;apos;-1&amp;apos; in php.ini and use the php://input stream instead. in &amp;lt;b&amp;gt;Unknown&amp;lt;/b&amp;gt; on line &amp;lt;b&amp;gt;0&amp;lt;/b&amp;gt;&amp;lt;br /&amp;gt;
&amp;lt;!DOCTYPE html&amp;gt;
&amp;lt;html xmlns=&amp;quot;http://www.w3.org/1999/xhtml&amp;quot; xml:lang=&amp;quot;en&amp;quot; lang=&amp;quot;en&amp;quot;&amp;gt;
    
    &amp;lt;head&amp;gt;

        &amp;lt;title&amp;gt;OrangeHRM&amp;lt;/title&amp;gt;
        
        &amp;lt;meta http-equiv=&amp;quot;Content-Type&amp;quot; content=&amp;quot;text/html; charset=utf-8&amp;quot; /&amp;gt;
                
        &amp;lt;link rel=&amp;quot;shortcut icon&amp;quot; href=&amp;quot;/webres_5786257bd7c8a5.72130757/themes/default/images/favicon.ico&amp;quot; /&amp;gt;
        
        &amp;lt;!-- Library CSS files --&amp;gt;
        &amp;lt;link href=&amp;quot;/webres_5786257bd7c8a5.72130757/themes/default/css/reset.css&amp;quot; rel=&amp;quot;stylesheet&amp;quot; type=&amp;quot;text/css&amp;quot;/&amp;gt;
        &amp;lt;link href=&amp;quot;/webres_5786257bd7c8a5.72130757/themes/default/css/tipTip.css&amp;quot; rel=&amp;quot;stylesheet&amp;quot; type=&amp;quot;text/css&amp;quot;/&amp;gt;
        &amp;lt;link href=&amp;quot;/webres_5786257bd7c8a5.72130757/themes/default/css/jquery/jquery-ui-1.8.21.custom.css&amp;quot; rel=&amp;quot;stylesheet&amp;quot; type=&amp;quot;text/css&amp;quot;/&amp;gt;
        &amp;lt;link href=&amp;quot;/webres_5786257bd7c8a5.72130757/themes/default/css/jquery/jquery.autocomplete.css&amp;quot; rel=&amp;quot;stylesheet&amp;quot; type=&amp;quot;text/css&amp;quot;/&amp;gt;
        
        &amp;lt;!-- Custom CSS files --&amp;gt;
        &amp;lt;link href=&amp;quot;/webres_5786257bd7c8a5.72130757/themes/default/css/main.css&amp;quot; rel=&amp;quot;stylesheet&amp;quot; type=&amp;quot;text/css&amp;quot;/&amp;gt;
        
        &amp;lt;script type=&amp;quot;text/javascript&amp;quot; src=&amp;quot;/webres_5786257bd7c8a5.72130757/js/jquery/jquery-1.7.2.min.js&amp;quot;&amp;gt;&amp;lt;/script&amp;gt;
&amp;lt;script type=&amp;quot;text/javascript&amp;quot; src=&amp;quot;/webres_5786257bd7c8a5.72130757/js/jquery/validate/jquery.validate.js&amp;quot;&amp;gt;&amp;lt;/script&amp;gt;
&amp;lt;script type=&amp;quot;text/javascript&amp;quot; src=&amp;quot;/webres_5786257bd7c8a5.72130757/js/jquery/jquery.ui.core.js&amp;quot;&amp;gt;&amp;lt;/script&amp;gt;
&amp;lt;script type=&amp;quot;text/javascript&amp;quot; src=&amp;quot;/webres_5786257bd7c8a5.72130757/js/jquery/jquery.autocomplete.js&amp;quot;&amp;gt;&amp;lt;/script&amp;gt;
&amp;lt;script type=&amp;quot;text/javascript&amp;quot; src=&amp;quot;/webres_5786257bd7c8a5.72130757/js/orangehrm.autocomplete.js&amp;quot;&amp;gt;&amp;lt;/script&amp;gt;
&amp;lt;script type=&amp;quot;text/javascript&amp;quot; src=&amp;quot;/webres_5786257bd7c8a5.72130757/js/jquery/jquery.ui.datepicker.js&amp;quot;&amp;gt;&amp;lt;/script&amp;gt;
&amp;lt;script type=&amp;quot;text/javascript&amp;quot; src=&amp;quot;/webres_5786257bd7c8a5.72130757/js/jquery/jquery.form.js&amp;quot;&amp;gt;&amp;lt;/script&amp;gt;
&amp;lt;script type=&amp;quot;text/javascript&amp;quot; src=&amp;quot;/webres_5786257bd7c8a5.72130757/js/jquery/jquery.tipTip.minified.js&amp;quot;&amp;gt;&amp;lt;/script&amp;gt;
&amp;lt;script type=&amp;quot;text/javascript&amp;quot; src=&amp;quot;/webres_5786257bd7c8a5.72130757/js/jquery/bootstrap-modal.js&amp;quot;&amp;gt;&amp;lt;/script&amp;gt;
&amp;lt;script type=&amp;quot;text/javascript&amp;quot; src=&amp;quot;/webres_5786257bd7c8a5.72130757/js/jquery/jquery.clickoutside.js&amp;quot;&amp;gt;&amp;lt;/script&amp;gt;
&amp;lt;script type=&amp;quot;text/javascript&amp;quot; src=&amp;quot;/webres_5786257bd7c8a5.72130757/js/orangehrm.validate.js&amp;quot;&amp;gt;&amp;lt;/script&amp;gt;
&amp;lt;script type=&amp;quot;text/javascript&amp;quot; src=&amp;quot;/webres_5786257bd7c8a5.72130757/js/archive.js&amp;quot;&amp;gt;&amp;lt;/script&amp;gt;
   
        
        &amp;lt;!-- Le HTML5 shim, for IE6-8 support of HTML5 elements --&amp;gt;
        &amp;lt;!--[if lt IE 9]&amp;gt;
            &amp;lt;script src=&amp;quot;http://html5shim.googlecode.com/svn/trunk/html5.js&amp;quot;&amp;gt;&amp;lt;/script&amp;gt;
        &amp;lt;![endif]--&amp;gt;        



    &amp;lt;/head&amp;gt;
    &amp;lt;body&amp;gt;
      
        &amp;lt;div id=&amp;quot;wrapper&amp;quot;&amp;gt;
            
            &amp;lt;div id=&amp;quot;content&amp;quot;&amp;gt;

                  &amp;lt;style type=&amp;quot;text/css&amp;quot;&amp;gt;

    body {
        background-color: #FFFFFF;
        height: 700px;
    }

    img {
        border: none;
    }
    #btnLogin {
        padding: 0;
    }
    input:not([type=&amp;quot;image&amp;quot;]) {
        background-color: transparent;
        border: none;
    }

    input:focus, select:focus, textarea:focus {
        background-color: transparent;
        border: none;
    }

    .textInputContainer {
        font-family: Arial, Helvetica, sans-serif;
        font-size: 11px;
        color: #666666;
    }

    #divLogin {
        background: transparent url(/webres_5786257bd7c8a5.72130757/themes/default/images/login/login.png) no-repeat center top;
        height: 520px;
        width: 100%;
        border-style: hidden;
        margin: auto;
        padding-left: 10px;
    }

    #divUsername {
        padding-top: 153px;
        padding-left: 50%;
    }

    #divPassword {
        padding-top: 35px;
        padding-left: 50%;
    }

    #txtUsername {
        width: 240px;
        border: 0px;
        background-color: transparent;
    }

    #txtPassword {
        width: 240px;
        border: 0px;
        background-color: transparent;
    }

    #txtUsername, #txtPassword {
        font-family: Arial, Helvetica, sans-serif;
        font-size: 11px;
        color: #666666;
        vertical-align: middle;
        padding-top:0;
    }
    
    #divLoginHelpLink {
        width: 270px;
        background-color: transparent;
        height: 20px;
        margin-top: 12px;
        margin-right: 0px;
        margin-bottom: 0px;
        margin-left: 50%;
    }

    #divLoginButton {
        padding-top: 2px;
        padding-left: 49.3%;
        float: left;
        width: 350px;
    }

    #btnLogin {
        background: url(/webres_5786257bd7c8a5.72130757/themes/default/images/login/Login_button.png) no-repeat;
        cursor:pointer;
        width: 94px;
        height: 26px;
        border: none;
        color:#FFFFFF;
        font-weight: bold;
        font-size: 13px;
    }

    #divLink {
        padding-left: 230px;
        padding-top: 105px;
        float: left;
    }

    #divLogo {
        padding-left: 30%;
        padding-top: 70px;
    }

    #spanMessage {
        background: transparent url(/webres_5786257bd7c8a5.72130757/themes/default/images/login/mark.png) no-repeat;
        padding-left: 18px; 
        padding-top: 0px;
        color: #DD7700;
        font-weight: bold;
    }
    
    #logInPanelHeading{
        position:absolute;
        padding-top:100px;
		padding-left:49.5%;
        font-family:sans-serif;
        font-size: 15px;
        color: #544B3C;
        font-weight: bold;
    }
    
    .form-hint {
    color: #878787;
    padding: 4px 8px;
    position: relative;
    left:-254px;
}

    
&amp;lt;/style&amp;gt;
&amp;lt;div style=&amp;quot;position: relative; top: 210px; left: 675px;&amp;quot;&amp;gt;
            &amp;lt;font style=&amp;quot;color:red; font-weight:bold;&amp;quot;&amp;gt;( Username : Admin | Password : admin )&amp;lt;/font&amp;gt;
        &amp;lt;/div&amp;gt;
&amp;lt;div id=&amp;quot;divLogin&amp;quot;&amp;gt;
    &amp;lt;div id=&amp;quot;divLogo&amp;quot;&amp;gt;
        &amp;lt;img src=&amp;quot;/webres_5786257bd7c8a5.72130757/themes/default/images/login/logo.png&amp;quot; /&amp;gt;
    &amp;lt;/div&amp;gt;

    &amp;lt;form id=&amp;quot;frmLogin&amp;quot; method=&amp;quot;post&amp;quot; action=&amp;quot;/index.php/auth/validateCredentials&amp;quot;&amp;gt;
        &amp;lt;input type=&amp;quot;hidden&amp;quot; name=&amp;quot;actionID&amp;quot;/&amp;gt;
        &amp;lt;input type=&amp;quot;hidden&amp;quot; name=&amp;quot;hdnUserTimeZoneOffset&amp;quot; id=&amp;quot;hdnUserTimeZoneOffset&amp;quot; value=&amp;quot;0&amp;quot; /&amp;gt;
        &amp;lt;input type=&amp;quot;hidden&amp;quot; name=&amp;quot;_csrf_token&amp;quot; value=&amp;quot;9bfc411e7b6f986919254b5353525d02&amp;quot; id=&amp;quot;csrf_token&amp;quot; /&amp;gt;        &amp;lt;div id=&amp;quot;logInPanelHeading&amp;quot;&amp;gt;LOGIN Panel&amp;lt;/div&amp;gt;

        &amp;lt;div id=&amp;quot;divUsername&amp;quot; class=&amp;quot;textInputContainer&amp;quot;&amp;gt;
            &amp;lt;input name=&amp;quot;txtUsername&amp;quot; id=&amp;quot;txtUsername&amp;quot; type=&amp;quot;text&amp;quot; /&amp;gt;          &amp;lt;span class=&amp;quot;form-hint&amp;quot; &amp;gt;Username&amp;lt;/span&amp;gt; 
        &amp;lt;/div&amp;gt;
        &amp;lt;div id=&amp;quot;divPassword&amp;quot; class=&amp;quot;textInputContainer&amp;quot;&amp;gt;
            &amp;lt;input name=&amp;quot;txtPassword&amp;quot; id=&amp;quot;txtPassword&amp;quot; type=&amp;quot;password&amp;quot; /&amp;gt;         &amp;lt;span class=&amp;quot;form-hint&amp;quot; &amp;gt;Password&amp;lt;/span&amp;gt;
        &amp;lt;/div&amp;gt;
        &amp;lt;div id=&amp;quot;divLoginHelpLink&amp;quot;&amp;gt;&amp;lt;/div&amp;gt;
        &amp;lt;div id=&amp;quot;divLoginButton&amp;quot;&amp;gt;
            &amp;lt;input type=&amp;quot;submit&amp;quot; name=&amp;quot;Submit&amp;quot; class=&amp;quot;button&amp;quot; id=&amp;quot;btnLogin&amp;quot; value=&amp;quot;LOGIN&amp;quot; /&amp;gt;
                    &amp;lt;/div&amp;gt;
    &amp;lt;/form&amp;gt;

&amp;lt;/div&amp;gt;

&amp;lt;div style=&amp;quot;text-align: center&amp;quot;&amp;gt;
    &amp;lt;div style=&amp;quot;text-align: center;padding: 10px;&amp;quot;&amp;gt;
    &amp;lt;form id=&amp;quot;openIDForm&amp;quot; method=&amp;quot;post&amp;quot; action=&amp;quot;/index.php/openidauth/openIdCredentials&amp;quot; style=&amp;quot;text-align: center&amp;quot;&amp;gt;

            &amp;lt;/form&amp;gt;
&amp;lt;/div&amp;gt;

&amp;lt;style&amp;gt;
    #openID{
        text-align: center;
        padding: 5px;
        margin-bottom: 5px;
    }
    #openIDForm{

    }
    #openIDForm input {
        background-color: red;
    }
&amp;lt;/style&amp;gt;

&amp;lt;script type=&amp;quot;text/javascript&amp;quot;&amp;gt;
    $(document).ready(function() {
        $(&amp;apos;#openIdLogin&amp;apos;).attr(&amp;quot;disabled&amp;quot;, &amp;quot;disabled&amp;quot;);
        $(&amp;apos;#openIdProvider&amp;apos;).change(function() {
            if ($(&amp;quot;#openIdProvider option:selected&amp;quot;).val() == &amp;apos;&amp;apos;) {
                $(&amp;apos;#openIdLogin&amp;apos;).attr(&amp;quot;disabled&amp;quot;, &amp;quot;disabled&amp;quot;);
            } else {
                $(&amp;apos;#openIdLogin&amp;apos;).removeAttr(&amp;apos;disabled&amp;apos;);
            }
        });
        
        $(&amp;apos;#openIdLogin&amp;apos;).click(function(){          
            $(&amp;apos;#openIDForm&amp;apos;).submit();
        });
    });
&amp;lt;/script&amp;gt;&amp;lt;/div&amp;gt;

&amp;lt;div id=&amp;quot;footer&amp;quot; &amp;gt;
    &amp;lt;div&amp;gt;
    OrangeHRM 3.3.1&amp;lt;br/&amp;gt;
&amp;amp;copy; 2005 - 2018 &amp;lt;a href=&amp;quot;http://www.orangehrm.com&amp;quot; target=&amp;quot;_blank&amp;quot;&amp;gt;OrangeHRM, Inc&amp;lt;/a&amp;gt;. All rights reserved.
    &amp;lt;/div&amp;gt;
    &amp;lt;div id=&amp;quot;social-icons&amp;quot;&amp;gt;
        &amp;lt;a href=&amp;quot;http://www.linkedin.com/groups?home=&amp;amp;amp;gid=891077&amp;quot; target=&amp;quot;_blank&amp;quot;&amp;gt;
            &amp;lt;img src=&amp;quot;/webres_5786257bd7c8a5.72130757/themes/default/images/login/linkedin.png&amp;quot; alt=&amp;quot;LinkedIn OrangeHRM group&amp;quot;/&amp;gt;&amp;lt;/a&amp;gt;&amp;amp;nbsp;
        &amp;lt;a href=&amp;quot;http://www.facebook.com/OrangeHRM&amp;quot; target=&amp;quot;_blank&amp;quot;&amp;gt;
            &amp;lt;img src=&amp;quot;/webres_5786257bd7c8a5.72130757/themes/default/images/login/facebook.png&amp;quot; alt=&amp;quot;OrangeHRM on Facebook&amp;quot;/&amp;gt;&amp;lt;/a&amp;gt;&amp;amp;nbsp;
        &amp;lt;a href=&amp;quot;http://twitter.com/orangehrm&amp;quot; target=&amp;quot;_blank&amp;quot;&amp;gt;
            &amp;lt;img src=&amp;quot;/webres_5786257bd7c8a5.72130757/themes/default/images/login/twiter.png&amp;quot; alt=&amp;quot;OrangeHRM on twitter&amp;quot;/&amp;gt;&amp;lt;/a&amp;gt;&amp;amp;nbsp;
        &amp;lt;a href=&amp;quot;http://www.youtube.com/orangehrm&amp;quot; target=&amp;quot;_blank&amp;quot;&amp;gt;
            &amp;lt;img src=&amp;quot;/webres_5786257bd7c8a5.72130757/themes/default/images/login/youtube.png&amp;quot; alt=&amp;quot;OrangeHRM on youtube&amp;quot;/&amp;gt;&amp;lt;/a&amp;gt;&amp;amp;nbsp;
    &amp;lt;/div&amp;gt;
&amp;lt;/div&amp;gt;

&amp;lt;script type=&amp;quot;text/javascript&amp;quot;&amp;gt;
    
    function calculateUserTimeZoneOffset() {
        var myDate = new Date();
        var offset = (-1) * myDate.getTimezoneOffset() / 60;
        return offset;
    }
            
    function addHint(inputObject, hintImageURL) {
        if (inputObject.val() == &amp;apos;&amp;apos;) {
            inputObject.css(&amp;apos;background&amp;apos;, &amp;quot;url(&amp;apos;&amp;quot; + hintImageURL + &amp;quot;&amp;apos;) no-repeat 10px 3px&amp;quot;);
        }
    }
            
    function removeHint() {
       $(&amp;apos;.form-hint&amp;apos;).css(&amp;apos;display&amp;apos;, &amp;apos;none&amp;apos;);
    }
    
    function showMessage(message) {
        if ($(&amp;apos;#spanMessage&amp;apos;).size() == 0) {
            $(&amp;apos;&amp;lt;span id=&amp;quot;spanMessage&amp;quot;&amp;gt;&amp;lt;/span&amp;gt;&amp;apos;).insertAfter(&amp;apos;#btnLogin&amp;apos;);
        }

        $(&amp;apos;#spanMessage&amp;apos;).html(message);
    }
    
    function validateLogin() {
        var isEmptyPasswordAllowed = false;
        
        if ($(&amp;apos;#txtUsername&amp;apos;).val() == &amp;apos;&amp;apos;) {
            showMessage(&amp;apos;Username cannot be empty&amp;apos;);
            return false;
        }
        
        if (!isEmptyPasswordAllowed) {
            if ($(&amp;apos;#txtPassword&amp;apos;).val() == &amp;apos;&amp;apos;) {
                showMessage(&amp;apos;Password cannot be empty&amp;apos;);
                return false;
            }
        }
        
        return true;
    }
    
    $(document).ready(function() {
        /*Set a delay to compatible with chrome browser*/
        setTimeout(checkSavedUsernames,100);
        
        $(&amp;apos;#txtUsername&amp;apos;).focus(function() {
            removeHint();
        });
        
        $(&amp;apos;#txtPassword&amp;apos;).focus(function() {
             removeHint();
        });
        
        $(&amp;apos;.form-hint&amp;apos;).click(function(){
            removeHint();
            $(&amp;apos;#txtUsername&amp;apos;).focus();
        });
        
        $(&amp;apos;#hdnUserTimeZoneOffset&amp;apos;).val(calculateUserTimeZoneOffset().toString());
        
        $(&amp;apos;#frmLogin&amp;apos;).submit(validateLogin);
        
    });

    function checkSavedUsernames(){
        if ($(&amp;apos;#txtUsername&amp;apos;).val() != &amp;apos;&amp;apos;) {
            removeHint();
        }
    }

    if (window.top.location.href != location.href) {
        window.top.location.href = location.href;
    }
&amp;lt;/script&amp;gt;

            &amp;lt;/div&amp;gt; &amp;lt;!-- content --&amp;gt;
          
        &amp;lt;/div&amp;gt; &amp;lt;!-- wrapper --&amp;gt;
        
 
        &amp;lt;script type=&amp;quot;text/javascript&amp;quot;&amp;gt;

            $(document).ready(function() {                            
                
                /* Enabling tooltips */
                $(&amp;quot;.tiptip&amp;quot;).tipTip();

                /* Toggling header menus */
                $(&amp;quot;#welcome&amp;quot;).click(function () {
                    $(&amp;quot;#welcome-menu&amp;quot;).slideToggle(&amp;quot;fast&amp;quot;);
                    $(this).toggleClass(&amp;quot;activated-welcome&amp;quot;);
                    return false;
                });
                
                $(&amp;quot;#help&amp;quot;).click(function () {
                    $(&amp;quot;#help-menu&amp;quot;).slideToggle(&amp;quot;fast&amp;quot;);
                    $(this).toggleClass(&amp;quot;activated-help&amp;quot;);
                    return false;
                });
                
                $(&amp;apos;.panelTrigger&amp;apos;).outside(&amp;apos;click&amp;apos;, function() {
                    $(&amp;apos;.panelContainer&amp;apos;).stop(true, true).slideUp(&amp;apos;fast&amp;apos;);
                });                

                /* 
                 * Button hovering effects 
                 * Note: we are not using pure css using :hover because :hover applies to even disabled elements.
                 * The pseudo class :enabled is not supported in IE &amp;lt; 9.
                 */                
                $(document).on({
                    mouseenter: function () {
                        $(this).addClass(&amp;apos;hover&amp;apos;);                        
                    },
                    mouseleave: function () {
                        $(this).removeClass(&amp;apos;hover&amp;apos;);                        
                    }

                }, &amp;apos;input[type=button], input[type=submit], input[type=reset]&amp;apos;); 
  
                /* Fading out main messages */
                $(document).on({
                    click: function() {
                        $(this).parent(&amp;apos;div.message&amp;apos;).fadeOut(&amp;quot;slow&amp;quot;);
                    }
                }, &amp;apos;.message a.messageCloseButton&amp;apos;);                

                /* Toggling search form: Begins */
                //$(&amp;quot;.toggableForm .inner&amp;quot;).hide(); // Disabling this makes search forms to be expanded by default.

                $(&amp;quot;.toggableForm .toggle&amp;quot;).click(function () {
                    $(&amp;quot;.toggableForm .inner&amp;quot;).slideToggle(&amp;apos;slow&amp;apos;, function() {
                        if($(this).is(&amp;apos;:hidden&amp;apos;)) {
                            $(&amp;apos;.toggableForm .tiptip&amp;apos;).tipTip({content:&amp;apos;Expand for Options&amp;apos;});
                        } else {
                            $(&amp;apos;.toggableForm .tiptip&amp;apos;).tipTip({content:&amp;apos;Hide Options&amp;apos;});
                        }
                    });
                    $(this).toggleClass(&amp;quot;activated&amp;quot;);
                });
                /* Toggling search form: Ends */

                /* Enabling/disabling form fields: Begin */
                
                $(&amp;apos;form.clickToEditForm input, form.clickToEditForm select, form.clickToEditForm textarea&amp;apos;).attr(&amp;apos;disabled&amp;apos;, &amp;apos;disabled&amp;apos;);
                $(&amp;apos;form.clickToEditForm input.calendar&amp;apos;).datepicker(&amp;apos;disable&amp;apos;);
                $(&amp;apos;form.clickToEditForm input[type=button]&amp;apos;).removeAttr(&amp;apos;disabled&amp;apos;);
                
                $(&amp;apos;form input.editButton&amp;apos;).click(function(){
                    $(&amp;apos;form.clickToEditForm input, form.clickToEditForm select, form.clickToEditForm textarea&amp;apos;).removeAttr(&amp;apos;disabled&amp;apos;);
                    $(&amp;apos;form.clickToEditForm input.calendar&amp;apos;).datepicker(&amp;apos;enable&amp;apos;);
                });
                
                /* Enabling/disabling form fields: End */
                
            });
            
        &amp;lt;/script&amp;gt;        

    &amp;lt;/body&amp;gt;
    
&amp;lt;/html&amp;gt;


Build info: version: &amp;apos;3.11.0&amp;apos;, revision: &amp;apos;e59cfb3&amp;apos;, time: &amp;apos;2018-03-11T20:33:08.638Z&amp;apos;
System info: host: &amp;apos;INHYIZLP12037&amp;apos;, ip: &amp;apos;192.168.1.4&amp;apos;, os.name: &amp;apos;Windows 10&amp;apos;, os.arch: &amp;apos;amd64&amp;apos;, os.version: &amp;apos;10.0&amp;apos;, java.version: &amp;apos;1.8.0_152&amp;apos;
Driver info: driver.version: RemoteWebDriver">
      <![CDATA[org.openqa.selenium.WebDriverException: Unable to parse remote response: <br />
<b>Deprecated</b>:  Automatically populating $HTTP_RAW_POST_DATA is deprecated and will be removed in a future version. To avoid this warning set 'always_populate_raw_post_data' to '-1' in php.ini and use the php://input stream instead. in <b>Unknown</b> on line <b>0</b><br />
<!DOCTYPE html>
<html xmlns="http://www.w3.org/1999/xhtml" xml:lang="en" lang="en">
    
    <head>

        <title>OrangeHRM</title>
        
        <meta http-equiv="Content-Type" content="text/html; charset=utf-8" />
                
        <link rel="shortcut icon" href="/webres_5786257bd7c8a5.72130757/themes/default/images/favicon.ico" />
        
        <!-- Library CSS files -->
        <link href="/webres_5786257bd7c8a5.72130757/themes/default/css/reset.css" rel="stylesheet" type="text/css"/>
        <link href="/webres_5786257bd7c8a5.72130757/themes/default/css/tipTip.css" rel="stylesheet" type="text/css"/>
        <link href="/webres_5786257bd7c8a5.72130757/themes/default/css/jquery/jquery-ui-1.8.21.custom.css" rel="stylesheet" type="text/css"/>
        <link href="/webres_5786257bd7c8a5.72130757/themes/default/css/jquery/jquery.autocomplete.css" rel="stylesheet" type="text/css"/>
        
        <!-- Custom CSS files -->
        <link href="/webres_5786257bd7c8a5.72130757/themes/default/css/main.css" rel="stylesheet" type="text/css"/>
        
        <script type="text/javascript" src="/webres_5786257bd7c8a5.72130757/js/jquery/jquery-1.7.2.min.js"></script>
<script type="text/javascript" src="/webres_5786257bd7c8a5.72130757/js/jquery/validate/jquery.validate.js"></script>
<script type="text/javascript" src="/webres_5786257bd7c8a5.72130757/js/jquery/jquery.ui.core.js"></script>
<script type="text/javascript" src="/webres_5786257bd7c8a5.72130757/js/jquery/jquery.autocomplete.js"></script>
<script type="text/javascript" src="/webres_5786257bd7c8a5.72130757/js/orangehrm.autocomplete.js"></script>
<script type="text/javascript" src="/webres_5786257bd7c8a5.72130757/js/jquery/jquery.ui.datepicker.js"></script>
<script type="text/javascript" src="/webres_5786257bd7c8a5.72130757/js/jquery/jquery.form.js"></script>
<script type="text/javascript" src="/webres_5786257bd7c8a5.72130757/js/jquery/jquery.tipTip.minified.js"></script>
<script type="text/javascript" src="/webres_5786257bd7c8a5.72130757/js/jquery/bootstrap-modal.js"></script>
<script type="text/javascript" src="/webres_5786257bd7c8a5.72130757/js/jquery/jquery.clickoutside.js"></script>
<script type="text/javascript" src="/webres_5786257bd7c8a5.72130757/js/orangehrm.validate.js"></script>
<script type="text/javascript" src="/webres_5786257bd7c8a5.72130757/js/archive.js"></script>
   
        
        <!-- Le HTML5 shim, for IE6-8 support of HTML5 elements -->
        <!--[if lt IE 9]>
            <script src="http://html5shim.googlecode.com/svn/trunk/html5.js"></script>
        <![endif]-->        



    </head>
    <body>
      
        <div id="wrapper">
            
            <div id="content">

                  <style type="text/css">

    body {
        background-color: #FFFFFF;
        height: 700px;
    }

    img {
        border: none;
    }
    #btnLogin {
        padding: 0;
    }
    input:not([type="image"]) {
        background-color: transparent;
        border: none;
    }

    input:focus, select:focus, textarea:focus {
        background-color: transparent;
        border: none;
    }

    .textInputContainer {
        font-family: Arial, Helvetica, sans-serif;
        font-size: 11px;
        color: #666666;
    }

    #divLogin {
        background: transparent url(/webres_5786257bd7c8a5.72130757/themes/default/images/login/login.png) no-repeat center top;
        height: 520px;
        width: 100%;
        border-style: hidden;
        margin: auto;
        padding-left: 10px;
    }

    #divUsername {
        padding-top: 153px;
        padding-left: 50%;
    }

    #divPassword {
        padding-top: 35px;
        padding-left: 50%;
    }

    #txtUsername {
        width: 240px;
        border: 0px;
        background-color: transparent;
    }

    #txtPassword {
        width: 240px;
        border: 0px;
        background-color: transparent;
    }

    #txtUsername, #txtPassword {
        font-family: Arial, Helvetica, sans-serif;
        font-size: 11px;
        color: #666666;
        vertical-align: middle;
        padding-top:0;
    }
    
    #divLoginHelpLink {
        width: 270px;
        background-color: transparent;
        height: 20px;
        margin-top: 12px;
        margin-right: 0px;
        margin-bottom: 0px;
        margin-left: 50%;
    }

    #divLoginButton {
        padding-top: 2px;
        padding-left: 49.3%;
        float: left;
        width: 350px;
    }

    #btnLogin {
        background: url(/webres_5786257bd7c8a5.72130757/themes/default/images/login/Login_button.png) no-repeat;
        cursor:pointer;
        width: 94px;
        height: 26px;
        border: none;
        color:#FFFFFF;
        font-weight: bold;
        font-size: 13px;
    }

    #divLink {
        padding-left: 230px;
        padding-top: 105px;
        float: left;
    }

    #divLogo {
        padding-left: 30%;
        padding-top: 70px;
    }

    #spanMessage {
        background: transparent url(/webres_5786257bd7c8a5.72130757/themes/default/images/login/mark.png) no-repeat;
        padding-left: 18px; 
        padding-top: 0px;
        color: #DD7700;
        font-weight: bold;
    }
    
    #logInPanelHeading{
        position:absolute;
        padding-top:100px;
padding-left:49.5%;
        font-family:sans-serif;
        font-size: 15px;
        color: #544B3C;
        font-weight: bold;
    }
    
    .form-hint {
    color: #878787;
    padding: 4px 8px;
    position: relative;
    left:-254px;
}

    
</style>
<div style="position: relative; top: 210px; left: 675px;">
            <font style="color:red; font-weight:bold;">( Username : Admin | Password : admin )</font>
        </div>
<div id="divLogin">
    <div id="divLogo">
        <img src="/webres_5786257bd7c8a5.72130757/themes/default/images/login/logo.png" />
    </div>

    <form id="frmLogin" method="post" action="/index.php/auth/validateCredentials">
        <input type="hidden" name="actionID"/>
        <input type="hidden" name="hdnUserTimeZoneOffset" id="hdnUserTimeZoneOffset" value="0" />
        <input type="hidden" name="_csrf_token" value="9bfc411e7b6f986919254b5353525d02" id="csrf_token" />        <div id="logInPanelHeading">LOGIN Panel</div>

        <div id="divUsername" class="textInputContainer">
            <input name="txtUsername" id="txtUsername" type="text" />          <span class="form-hint" >Username</span> 
        </div>
        <div id="divPassword" class="textInputContainer">
            <input name="txtPassword" id="txtPassword" type="password" />         <span class="form-hint" >Password</span>
        </div>
        <div id="divLoginHelpLink"></div>
        <div id="divLoginButton">
            <input type="submit" name="Submit" class="button" id="btnLogin" value="LOGIN" />
                    </div>
    </form>

</div>

<div style="text-align: center">
    <div style="text-align: center;padding: 10px;">
    <form id="openIDForm" method="post" action="/index.php/openidauth/openIdCredentials" style="text-align: center">

            </form>
</div>

<style>
    #openID{
        text-align: center;
        padding: 5px;
        margin-bottom: 5px;
    }
    #openIDForm{

    }
    #openIDForm input {
        background-color: red;
    }
</style>

<script type="text/javascript">
    $(document).ready(function() {
        $('#openIdLogin').attr("disabled", "disabled");
        $('#openIdProvider').change(function() {
            if ($("#openIdProvider option:selected").val() == '') {
                $('#openIdLogin').attr("disabled", "disabled");
            } else {
                $('#openIdLogin').removeAttr('disabled');
            }
        });
        
        $('#openIdLogin').click(function(){          
            $('#openIDForm').submit();
        });
    });
</script></div>

<div id="footer" >
    <div>
    OrangeHRM 3.3.1<br/>
&copy; 2005 - 2018 <a href="http://www.orangehrm.com" target="_blank">OrangeHRM, Inc</a>. All rights reserved.
    </div>
    <div id="social-icons">
        <a href="http://www.linkedin.com/groups?home=&amp;gid=891077" target="_blank">
            <img src="/webres_5786257bd7c8a5.72130757/themes/default/images/login/linkedin.png" alt="LinkedIn OrangeHRM group"/></a>&nbsp;
        <a href="http://www.facebook.com/OrangeHRM" target="_blank">
            <img src="/webres_5786257bd7c8a5.72130757/themes/default/images/login/facebook.png" alt="OrangeHRM on Facebook"/></a>&nbsp;
        <a href="http://twitter.com/orangehrm" target="_blank">
            <img src="/webres_5786257bd7c8a5.72130757/themes/default/images/login/twiter.png" alt="OrangeHRM on twitter"/></a>&nbsp;
        <a href="http://www.youtube.com/orangehrm" target="_blank">
            <img src="/webres_5786257bd7c8a5.72130757/themes/default/images/login/youtube.png" alt="OrangeHRM on youtube"/></a>&nbsp;
    </div>
</div>

<script type="text/javascript">
    
    function calculateUserTimeZoneOffset() {
        var myDate = new Date();
        var offset = (-1) * myDate.getTimezoneOffset() / 60;
        return offset;
    }
            
    function addHint(inputObject, hintImageURL) {
        if (inputObject.val() == '') {
            inputObject.css('background', "url('" + hintImageURL + "') no-repeat 10px 3px");
        }
    }
            
    function removeHint() {
       $('.form-hint').css('display', 'none');
    }
    
    function showMessage(message) {
        if ($('#spanMessage').size() == 0) {
            $('<span id="spanMessage"></span>').insertAfter('#btnLogin');
        }

        $('#spanMessage').html(message);
    }
    
    function validateLogin() {
        var isEmptyPasswordAllowed = false;
        
        if ($('#txtUsername').val() == '') {
            showMessage('Username cannot be empty');
            return false;
        }
        
        if (!isEmptyPasswordAllowed) {
            if ($('#txtPassword').val() == '') {
                showMessage('Password cannot be empty');
                return false;
            }
        }
        
        return true;
    }
    
    $(document).ready(function() {
        /*Set a delay to compatible with chrome browser*/
        setTimeout(checkSavedUsernames,100);
        
        $('#txtUsername').focus(function() {
            removeHint();
        });
        
        $('#txtPassword').focus(function() {
             removeHint();
        });
        
        $('.form-hint').click(function(){
            removeHint();
            $('#txtUsername').focus();
        });
        
        $('#hdnUserTimeZoneOffset').val(calculateUserTimeZoneOffset().toString());
        
        $('#frmLogin').submit(validateLogin);
        
    });

    function checkSavedUsernames(){
        if ($('#txtUsername').val() != '') {
            removeHint();
        }
    }

    if (window.top.location.href != location.href) {
        window.top.location.href = location.href;
    }
</script>

            </div> <!-- content -->
          
        </div> <!-- wrapper -->
        
 
        <script type="text/javascript">

            $(document).ready(function() {                            
                
                /* Enabling tooltips */
                $(".tiptip").tipTip();

                /* Toggling header menus */
                $("#welcome").click(function () {
                    $("#welcome-menu").slideToggle("fast");
                    $(this).toggleClass("activated-welcome");
                    return false;
                });
                
                $("#help").click(function () {
                    $("#help-menu").slideToggle("fast");
                    $(this).toggleClass("activated-help");
                    return false;
                });
                
                $('.panelTrigger').outside('click', function() {
                    $('.panelContainer').stop(true, true).slideUp('fast');
                });                

                /* 
                 * Button hovering effects 
                 * Note: we are not using pure css using :hover because :hover applies to even disabled elements.
                 * The pseudo class :enabled is not supported in IE < 9.
                 */                
                $(document).on({
                    mouseenter: function () {
                        $(this).addClass('hover');                        
                    },
                    mouseleave: function () {
                        $(this).removeClass('hover');                        
                    }

                }, 'input[type=button], input[type=submit], input[type=reset]'); 
  
                /* Fading out main messages */
                $(document).on({
                    click: function() {
                        $(this).parent('div.message').fadeOut("slow");
                    }
                }, '.message a.messageCloseButton');                

                /* Toggling search form: Begins */
                //$(".toggableForm .inner").hide(); // Disabling this makes search forms to be expanded by default.

                $(".toggableForm .toggle").click(function () {
                    $(".toggableForm .inner").slideToggle('slow', function() {
                        if($(this).is(':hidden')) {
                            $('.toggableForm .tiptip').tipTip({content:'Expand for Options'});
                        } else {
                            $('.toggableForm .tiptip').tipTip({content:'Hide Options'});
                        }
                    });
                    $(this).toggleClass("activated");
                });
                /* Toggling search form: Ends */

                /* Enabling/disabling form fields: Begin */
                
                $('form.clickToEditForm input, form.clickToEditForm select, form.clickToEditForm textarea').attr('disabled', 'disabled');
                $('form.clickToEditForm input.calendar').datepicker('disable');
                $('form.clickToEditForm input[type=button]').removeAttr('disabled');
                
                $('form input.editButton').click(function(){
                    $('form.clickToEditForm input, form.clickToEditForm select, form.clickToEditForm textarea').removeAttr('disabled');
                    $('form.clickToEditForm input.calendar').datepicker('enable');
                });
                
                /* Enabling/disabling form fields: End */
                
            });
            
        </script>        

    </body>
    
</html>


Build info: version: '3.11.0', revision: 'e59cfb3', time: '2018-03-11T20:33:08.638Z'
System info: host: 'INHYIZLP12037', ip: '192.168.1.4', os.name: 'Windows 10', os.arch: 'amd64', os.version: '10.0', java.version: '1.8.0_152'
Driver info: driver.version: RemoteWebDriver
at org.openqa.selenium.remote.ProtocolHandshake.createSession(ProtocolHandshake.java:111)
at org.openqa.selenium.remote.ProtocolHandshake.createSession(ProtocolHandshake.java:73)
at org.openqa.selenium.remote.HttpCommandExecutor.execute(HttpCommandExecutor.java:136)
at org.openqa.selenium.remote.RemoteWebDriver.execute(RemoteWebDriver.java:545)
at org.openqa.selenium.remote.RemoteWebDriver.startSession(RemoteWebDriver.java:209)
at org.openqa.selenium.remote.RemoteWebDriver.<init>(RemoteWebDriver.java:132)
at org.openqa.selenium.remote.RemoteWebDriver.<init>(RemoteWebDriver.java:145)
at com.wd.pom.OhrmIntPOMRemote.openApplicationinRemote(OhrmIntPOMRemote.java:21)
at com.ohrm.grid.OhrmAddEmployee_POM_Grid.openApplication(OhrmAddEmployee_POM_Grid.java:16)
... Removed 26 stack frames]]>
    </failure>
  </testcase> <!-- @BeforeClass openApplication -->
  <testcase name="@AfterClass closeApplication" time="0.0" classname="com.ohrm.grid.OhrmAddEmployee_POM_Grid">
    <skipped/>
  </testcase> <!-- @AfterClass closeApplication -->
  <testcase name="Login" time="0.0" classname="com.ohrm.grid.OhrmAddEmployee_POM_Grid">
    <skipped/>
  </testcase> <!-- Login -->
  <testcase name="AddEmployee" time="0.0" classname="com.ohrm.grid.OhrmAddEmployee_POM_Grid">
    <skipped/>
  </testcase> <!-- AddEmployee -->
</testsuite> <!-- testname -->
